TN:
SF:/Users/brekk/madness/gambit/src/Cards.mad
FN:91,suit
FN:104,rank
FN:118,ordinalRank
FN:167,rankFrom
FN:191,isSuit
FN:201,isRank
FN:211,match
FN:221,sameCard
FN:234,sameSuit
FN:244,sameRank
FN:255,consecutiveTo
FN:256,check
FN:293,consecutiveFlush
FN:303,isNoFaceCard
FN:320,isFaceCard
FN:342,isNonStandardRank
FNDA:63,suit
FNDA:23,rank
FNDA:228,ordinalRank
FNDA:7,rankFrom
FNDA:58,isSuit
FNDA:2,isRank
FNDA:1,match
FNDA:14,sameCard
FNDA:2,sameSuit
FNDA:7,sameRank
FNDA:3,consecutiveTo
FNDA:6,check
FNDA:1,consecutiveFlush
FNDA:5,isNoFaceCard
FNDA:8,isFaceCard
FNDA:3,isNonStandardRank
FNF:16
FNH:16
DA:41,1
DA:51,1
DA:61,1
DA:71,1
DA:81,1
DA:92,63
DA:93,63
DA:105,23
DA:106,23
DA:118,228
DA:119,71
DA:120,71
DA:122,23
DA:123,23
DA:125,24
DA:126,24
DA:128,24
DA:129,24
DA:131,43
DA:132,43
DA:134,23
DA:135,23
DA:137,20
DA:138,20
DA:148,1
DA:157,1
DA:167,7
DA:168,1
DA:169,6
DA:170,1
DA:171,5
DA:172,1
DA:173,4
DA:174,1
DA:175,3
DA:176,1
DA:177,2
DA:178,1
DA:180,1
DA:191,58
DA:201,2
DA:211,1
DA:221,14
DA:222,14
DA:223,14
DA:234,2
DA:244,7
DA:256,6
DA:257,6
DA:258,6
DA:260,3
DA:271,1
DA:281,1
DA:293,1
DA:304,2
DA:305,2
DA:307,3
DA:308,3
DA:321,2
DA:322,2
DA:324,2
DA:325,2
DA:327,2
DA:328,2
DA:330,2
DA:331,2
DA:343,1
DA:344,1
DA:346,1
DA:347,1
DA:349,1
DA:350,1
LF:72
LH:72
BRF:43
BRH:43
BRDA:91,0,0,63
BRDA:104,1,0,23
BRDA:118,2,0,71
BRDA:118,2,1,23
BRDA:118,2,2,24
BRDA:118,2,3,24
BRDA:118,2,4,43
BRDA:118,2,5,23
BRDA:118,2,6,20
BRDA:132,3,0,23
BRDA:132,3,1,20
BRDA:167,4,0,7
BRDA:167,4,1,6
BRDA:167,11,0,1
BRDA:167,11,1,6
BRDA:169,10,0,1
BRDA:169,10,1,5
BRDA:171,9,0,1
BRDA:171,9,1,4
BRDA:173,8,0,1
BRDA:173,8,1,3
BRDA:175,7,0,1
BRDA:175,7,1,2
BRDA:177,5,0,2
BRDA:177,5,1,1
BRDA:177,6,0,1
BRDA:177,6,1,1
BRDA:211,12,0,1
BRDA:211,12,1,1
BRDA:221,13,0,14
BRDA:223,14,0,14
BRDA:223,14,1,9
BRDA:293,15,0,1
BRDA:293,15,1,1
BRDA:303,16,0,2
BRDA:303,16,1,3
BRDA:320,17,0,2
BRDA:320,17,1,2
BRDA:320,17,2,2
BRDA:320,17,3,2
BRDA:342,18,0,1
BRDA:342,18,1,1
BRDA:342,18,2,1
end_of_record
TN:
SF:/Users/brekk/madness/gambit/src/Deck.mad
FN:31,__makeFullSuit
FN:33,Anonymous__1
FN:35,Anonymous__0
FN:91,compareWithTrump
FN:116,sortDescWithTrump
FN:147,sortDesc
FN:148,Anonymous__2
FN:185,has
FN:187,Anonymous__3
FN:198,remove
FN:208,anyMatchingRank
FN:210,Anonymous__4
FN:215,mapFst
FN:221,__recut
FN:222,Anonymous__5
FN:234,deal
FN:240,Anonymous__6
FN:255,filterBySuit
FN:265,rejectBySuit
FN:305,findSameRank
FN:308,Anonymous__7
FNDA:8,__makeFullSuit
FNDA:72,Anonymous__1
FNDA:72,Anonymous__0
FNDA:52,compareWithTrump
FNDA:2,sortDescWithTrump
FNDA:2,sortDesc
FNDA:52,Anonymous__2
FNDA:1,has
FNDA:9,Anonymous__3
FNDA:0,remove
FNDA:1,anyMatchingRank
FNDA:1,Anonymous__4
FNDA:1,mapFst
FNDA:1,__recut
FNDA:5,Anonymous__5
FNDA:3,deal
FNDA:1,Anonymous__6
FNDA:1,filterBySuit
FNDA:1,rejectBySuit
FNDA:1,findSameRank
FNDA:3,Anonymous__7
FNF:21
FNH:20
DA:32,8
DA:33,72
DA:34,72
DA:35,72
DA:37,8
DA:39,8
DA:40,8
DA:41,8
DA:42,8
DA:55,1
DA:56,1
DA:57,1
DA:58,1
DA:75,1
DA:76,1
DA:77,1
DA:78,1
DA:79,1
DA:80,1
DA:91,52
DA:92,52
DA:94,52
DA:95,52
DA:96,52
DA:97,52
DA:98,52
DA:99,7
DA:100,45
DA:101,9
DA:103,36
DA:116,2
DA:117,2
DA:118,2
DA:128,1
DA:137,1
DA:147,2
DA:148,52
DA:149,52
DA:151,52
DA:152,52
DA:153,52
DA:156,2
DA:166,1
DA:175,1
DA:185,1
DA:186,1
DA:187,1
DA:198,0
DA:208,1
DA:209,1
DA:210,1
DA:215,1
DA:216,1
DA:217,1
DA:221,1
DA:222,5
DA:223,1
DA:235,3
DA:236,3
DA:237,3
DA:238,2
DA:240,1
DA:241,1
DA:242,1
DA:243,1
DA:255,1
DA:265,1
DA:275,1
DA:285,1
DA:295,1
DA:305,1
DA:306,1
DA:307,1
DA:308,3
DA:309,3
DA:310,3
LF:76
LH:75
BRF:30
BRH:30
BRDA:91,0,0,52
BRDA:98,1,0,52
BRDA:98,1,1,9
BRDA:98,6,0,7
BRDA:98,6,1,45
BRDA:100,2,0,45
BRDA:100,2,1,11
BRDA:100,5,0,9
BRDA:100,5,1,36
BRDA:103,3,0,17
BRDA:103,3,1,17
BRDA:103,4,0,2
BRDA:103,4,1,34
BRDA:148,7,0,52
BRDA:153,8,0,26
BRDA:153,8,1,24
BRDA:153,9,0,2
BRDA:153,9,1,50
BRDA:185,10,0,1
BRDA:187,11,0,9
BRDA:187,12,0,9
BRDA:187,12,1,3
BRDA:208,13,0,1
BRDA:210,14,0,1
BRDA:215,15,0,1
BRDA:237,16,0,3
BRDA:237,16,1,2
BRDA:237,16,2,2
BRDA:237,17,0,2
BRDA:237,17,1,1
end_of_record
